2026-03-31 00:31:16,147 [INFO] Running single sync cycle
2026-03-31 00:31:16,147 [INFO] Added new card gh-17748402654240.17463672242170347 to backlog
2026-03-31 00:31:16,147 [INFO] Added new card gh-17748402654240.04440781857466969 to trash
2026-03-31 00:31:16,147 [INFO] Added new card gh-17748402654240.8562488539421408 to backlog
2026-03-31 00:31:16,147 [INFO] Added new card gh-17748402654240.07668712166443448 to review
2026-03-31 00:31:16,147 [INFO] Added new card gh-17748402654240.8343234815831149 to trash
2026-03-31 00:31:16,147 [INFO] Added new card gh-17748402654240.1364990925044881 to trash
2026-03-31 00:31:16,147 [INFO] Added new card gh-17748402654240.025800494829215315 to trash
2026-03-31 00:31:16,147 [INFO] Added new card gh-17748402654240.5001110231276819 to trash
2026-03-31 00:31:16,147 [INFO] Added new card gh-17748402654240.5849554406794598 to trash
2026-03-31 00:31:16,147 [INFO] Added new card gh-17748402654240.795986208340029 to trash
2026-03-31 00:31:16,147 [INFO] Added new card gh-17748402654240.9967708323067779 to trash
2026-03-31 00:31:16,147 [INFO] Added new card gh-17748402654240.6004648914524212 to trash
2026-03-31 00:31:16,147 [INFO] Added new card gh-17748402654240.9083002125962062 to trash
2026-03-31 00:31:16,147 [INFO] Added new card gh-17748402654240.45155332437004936 to trash
2026-03-31 00:31:16,147 [INFO] Added new card gh-17748402654240.5396691564681462 to trash
2026-03-31 00:31:16,147 [INFO] Added new card gh-17748402654240.6383419553251553 to trash
2026-03-31 00:31:16,147 [INFO] Added new card gh-17748402654240.7872274293382812 to backlog
2026-03-31 00:31:16,147 [INFO] Added new card gh-17748402654240.4813468850410083 to backlog
2026-03-31 00:31:16,147 [INFO] Added new card gh-17748402654240.23840480023227384 to backlog
2026-03-31 00:31:16,147 [INFO] Added new card gh-17748402654240.09859610648881922 to backlog
2026-03-31 00:31:16,147 [INFO] Added new card gh-17748402654240.03021890087396184 to backlog
2026-03-31 00:31:16,147 [INFO] Added new card gh-17748402654240.9323337077199921 to backlog
2026-03-31 00:31:16,147 [INFO] Added new card gh-17748402654240.6027020566869178 to backlog
2026-03-31 00:31:16,147 [INFO] Added new card gh-17748402654240.0482479775048279 to backlog
2026-03-31 00:31:16,147 [INFO] Added new card gh-17748402654240.30005107646020857 to backlog
2026-03-31 00:31:16,147 [INFO] Added new card gh-17748402654240.0835457932907282 to backlog
2026-03-31 00:31:16,147 [INFO] Added new card gh-17748402654240.9225415197024703 to backlog
2026-03-31 00:31:16,147 [INFO] Added new card gh-17748402654240.5400380247612766 to backlog
2026-03-31 00:31:16,147 [INFO] Added new card gh-17748402654240.7252715730150389 to backlog
2026-03-31 00:31:16,147 [INFO] Added new card gh-17748402656950.9450434206502563 to backlog
2026-03-31 00:31:16,147 [INFO] Added new card gh-17748402656950.20034766434599616 to trash
2026-03-31 00:31:16,147 [INFO] Added new card gh-17748402656950.7813586608765267 to trash
2026-03-31 00:31:16,147 [INFO] Added new card gh-17748402656950.9292012708597691 to trash
2026-03-31 00:31:16,147 [INFO] Added new card gh-17748402656950.5567018275995496 to backlog
2026-03-31 00:31:16,147 [INFO] Added new card gh-17748402656950.9359507323417173 to backlog
2026-03-31 00:31:16,147 [INFO] Added new card gh-17748402656950.8548135281829877 to backlog
2026-03-31 00:31:16,147 [INFO] Added new card gh-17748402656950.36973744001352615 to backlog
2026-03-31 00:31:16,147 [INFO] Added new card gh-17748402656950.179910314407149 to backlog
2026-03-31 00:31:16,147 [INFO] Added new card gh-17748402656950.8837986072013827 to backlog
2026-03-31 00:31:16,147 [INFO] Added new card gh-17748402656950.9570034438288412 to backlog
2026-03-31 00:31:16,147 [INFO] Added new card gh-17748402656950.3248657880305469 to backlog
2026-03-31 00:31:16,148 [INFO] Added new card gh-17748402656950.8522080834996039 to backlog
2026-03-31 00:31:16,148 [INFO] Added new card gh-17748402656950.6614821114766962 to backlog
2026-03-31 00:31:16,148 [INFO] Added new card gh-17748402656950.9899066305698515 to trash
2026-03-31 00:31:16,148 [INFO] Added new card gh-17748402656950.3099535721215223 to trash
2026-03-31 00:31:16,148 [INFO] Added new card gh-17748402656950.9566443697396145 to trash
2026-03-31 00:31:16,148 [INFO] Added new card gh-17748402656950.15011304098849598 to trash
2026-03-31 00:31:16,148 [INFO] Added new card gh-17748402656950.519459536087764 to trash
2026-03-31 00:31:16,148 [INFO] Added new card gh-17748402656950.3795093267357835 to trash
2026-03-31 00:31:16,148 [INFO] Added new card gh-17748402656950.4590512031423518 to trash
2026-03-31 00:31:16,148 [INFO] Added new card gh-17748402656950.5878993840111228 to trash
2026-03-31 00:31:16,148 [INFO] Added new card gh-17748402659430.49222795617723536 to backlog
2026-03-31 00:31:16,148 [INFO] Added new card gh-17748402659430.8311342067344044 to backlog
2026-03-31 00:31:16,148 [INFO] Added new card gh-17748402659430.9692652972279795 to backlog
2026-03-31 00:31:16,148 [INFO] Added new card gh-17748402659430.16980564972837697 to backlog
2026-03-31 00:31:16,148 [INFO] Added new card gh-17748402659430.028941979889910097 to trash
2026-03-31 00:31:16,148 [INFO] Added new card gh-17748402659430.504657070033154 to trash
2026-03-31 00:31:16,148 [INFO] Added new card gh-17748402659430.5044115759798585 to trash
2026-03-31 00:31:16,148 [INFO] Added new card gh-17748402659430.10055052033207545 to trash
2026-03-31 00:31:16,148 [INFO] Added new card gh-17748402659430.5099284434367192 to trash
2026-03-31 00:31:16,148 [INFO] Added new card gh-17748402659430.08152260442494697 to trash
2026-03-31 00:31:16,148 [INFO] Added new card gh-17748402661810.767886845281434 to backlog
2026-03-31 00:31:16,148 [INFO] Added new card gh-17748402663210.5509899698523011 to in_progress
2026-03-31 00:31:16,148 [INFO] Added new card gh-17748402663210.4350003268939351 to backlog
2026-03-31 00:31:16,148 [INFO] Added new card gh-17748402663210.3630898431426094 to in_progress
2026-03-31 00:31:16,148 [INFO] Added new card gh-17748402663210.4160037409424261 to backlog
2026-03-31 00:31:16,148 [INFO] Added new card gh-17748402663210.4523214556967602 to backlog
2026-03-31 00:31:16,148 [INFO] Added new card gh-17748402663210.8992758893184065 to backlog
2026-03-31 00:31:16,148 [INFO] Added new card gh-17748402663210.6056173568975511 to backlog
2026-03-31 00:31:16,148 [INFO] Added new card gh-17748402663210.614031184287342 to backlog
2026-03-31 00:31:16,148 [INFO] Added new card gh-17748402663210.30286377079943705 to trash
2026-03-31 00:31:16,148 [INFO] Added new card gh-17748402663210.057557507699313004 to trash
2026-03-31 00:31:16,148 [INFO] Added new card gh-17748402663210.8462430283118945 to trash
2026-03-31 00:31:16,148 [INFO] Added new card gh-17748402663210.6889513631036026 to trash
2026-03-31 00:31:16,148 [INFO] Added new card gh-17748402663210.07183805403504973 to trash
2026-03-31 00:31:16,148 [INFO] Added new card gh-17748402663210.4892587349550729 to trash
2026-03-31 00:31:16,148 [INFO] Added new card gh-17748402663210.9198815230601803 to trash
2026-03-31 00:31:16,148 [INFO] Added new card gh-17748402663210.6400502601741113 to trash
2026-03-31 00:31:16,148 [INFO] Added new card gh-17748402663210.14672786902342072 to trash
2026-03-31 00:31:16,148 [INFO] Added new card gh-17748402663210.0859059750645721 to trash
2026-03-31 00:31:16,148 [INFO] Added new card gh-17748402663210.31022743927158325 to trash
2026-03-31 00:31:16,148 [INFO] Added new card gh-17748402663210.6816803863703469 to trash
2026-03-31 00:31:16,148 [INFO] Added new card task-1774899022615 to in_progress
2026-03-31 00:31:16,148 [INFO] Added new card test-link-001 to in_progress
2026-03-31 00:31:16,148 [INFO] Synced 84 changes from OpenClaw to Cline
2026-03-31 00:31:16,149 [INFO] Sync complete: 84 changes
2026-03-31 00:31:33,097 [INFO] Starting Cline <-> OpenClaw sync service
2026-03-31 00:31:33,097 [INFO] Starting Cline <-> OpenClaw sync service
2026-03-31 00:31:33,097 [INFO] Cline board: /Users/macmini/.cline/kanban/workspaces/openclaw/board.json
2026-03-31 00:31:33,097 [INFO] Cline board: /Users/macmini/.cline/kanban/workspaces/openclaw/board.json
2026-03-31 00:31:33,097 [INFO] OpenClaw tasks: /Users/macmini/Vaults/openclaw/bridge/kanban/tasks.json
2026-03-31 00:31:33,097 [INFO] OpenClaw tasks: /Users/macmini/Vaults/openclaw/bridge/kanban/tasks.json
2026-03-31 01:47:11,780 [INFO] Added new card gh-17748402654240.17463672242170347 to backlog
2026-03-31 01:47:11,780 [INFO] Added new card gh-17748402654240.17463672242170347 to backlog
2026-03-31 01:47:11,781 [INFO] Added new card gh-17748402654240.04440781857466969 to trash
2026-03-31 01:47:11,781 [INFO] Added new card gh-17748402654240.04440781857466969 to trash
2026-03-31 01:47:11,782 [INFO] Added new card gh-17748402654240.8562488539421408 to backlog
2026-03-31 01:47:11,782 [INFO] Added new card gh-17748402654240.8562488539421408 to backlog
2026-03-31 01:47:11,782 [INFO] Added new card gh-17748402654240.07668712166443448 to review
2026-03-31 01:47:11,782 [INFO] Added new card gh-17748402654240.07668712166443448 to review
2026-03-31 01:47:11,782 [INFO] Added new card gh-17748402654240.8343234815831149 to trash
2026-03-31 01:47:11,782 [INFO] Added new card gh-17748402654240.8343234815831149 to trash
2026-03-31 01:47:11,782 [INFO] Added new card gh-17748402654240.1364990925044881 to trash
2026-03-31 01:47:11,782 [INFO] Added new card gh-17748402654240.1364990925044881 to trash
2026-03-31 01:47:11,782 [INFO] Added new card gh-17748402654240.025800494829215315 to trash
2026-03-31 01:47:11,782 [INFO] Added new card gh-17748402654240.025800494829215315 to trash
2026-03-31 01:47:11,782 [INFO] Added new card gh-17748402654240.5001110231276819 to trash
2026-03-31 01:47:11,782 [INFO] Added new card gh-17748402654240.5001110231276819 to trash
2026-03-31 01:47:11,782 [INFO] Added new card gh-17748402654240.5849554406794598 to trash
2026-03-31 01:47:11,782 [INFO] Added new card gh-17748402654240.5849554406794598 to trash
2026-03-31 01:47:11,782 [INFO] Added new card gh-17748402654240.795986208340029 to trash
2026-03-31 01:47:11,782 [INFO] Added new card gh-17748402654240.795986208340029 to trash
2026-03-31 01:47:11,782 [INFO] Added new card gh-17748402654240.9967708323067779 to trash
2026-03-31 01:47:11,782 [INFO] Added new card gh-17748402654240.9967708323067779 to trash
2026-03-31 01:47:11,782 [INFO] Added new card gh-17748402654240.6004648914524212 to trash
2026-03-31 01:47:11,782 [INFO] Added new card gh-17748402654240.6004648914524212 to trash
2026-03-31 01:47:11,783 [INFO] Added new card gh-17748402654240.9083002125962062 to trash
2026-03-31 01:47:11,783 [INFO] Added new card gh-17748402654240.9083002125962062 to trash
2026-03-31 01:47:11,783 [INFO] Added new card gh-17748402654240.45155332437004936 to trash
2026-03-31 01:47:11,783 [INFO] Added new card gh-17748402654240.45155332437004936 to trash
2026-03-31 01:47:11,783 [INFO] Added new card gh-17748402654240.5396691564681462 to trash
2026-03-31 01:47:11,783 [INFO] Added new card gh-17748402654240.5396691564681462 to trash
2026-03-31 01:47:11,783 [INFO] Added new card gh-17748402654240.6383419553251553 to trash
2026-03-31 01:47:11,783 [INFO] Added new card gh-17748402654240.6383419553251553 to trash
2026-03-31 01:47:11,783 [INFO] Added new card gh-17748402654240.7872274293382812 to backlog
2026-03-31 01:47:11,783 [INFO] Added new card gh-17748402654240.7872274293382812 to backlog
2026-03-31 01:47:11,783 [INFO] Added new card gh-17748402654240.4813468850410083 to backlog
2026-03-31 01:47:11,783 [INFO] Added new card gh-17748402654240.4813468850410083 to backlog
2026-03-31 01:47:11,783 [INFO] Added new card gh-17748402654240.23840480023227384 to backlog
2026-03-31 01:47:11,783 [INFO] Added new card gh-17748402654240.23840480023227384 to backlog
2026-03-31 01:47:11,783 [INFO] Added new card gh-17748402654240.09859610648881922 to backlog
2026-03-31 01:47:11,783 [INFO] Added new card gh-17748402654240.09859610648881922 to backlog
2026-03-31 01:47:11,783 [INFO] Added new card gh-17748402654240.03021890087396184 to backlog
2026-03-31 01:47:11,783 [INFO] Added new card gh-17748402654240.03021890087396184 to backlog
2026-03-31 01:47:11,784 [INFO] Added new card gh-17748402654240.9323337077199921 to backlog
2026-03-31 01:47:11,784 [INFO] Added new card gh-17748402654240.9323337077199921 to backlog
2026-03-31 01:47:11,784 [INFO] Added new card gh-17748402654240.6027020566869178 to backlog
2026-03-31 01:47:11,784 [INFO] Added new card gh-17748402654240.6027020566869178 to backlog
2026-03-31 01:47:11,784 [INFO] Added new card gh-17748402654240.0482479775048279 to backlog
2026-03-31 01:47:11,784 [INFO] Added new card gh-17748402654240.0482479775048279 to backlog
2026-03-31 01:47:11,784 [INFO] Added new card gh-17748402654240.30005107646020857 to backlog
2026-03-31 01:47:11,784 [INFO] Added new card gh-17748402654240.30005107646020857 to backlog
2026-03-31 01:47:11,784 [INFO] Added new card gh-17748402654240.0835457932907282 to backlog
2026-03-31 01:47:11,784 [INFO] Added new card gh-17748402654240.0835457932907282 to backlog
2026-03-31 01:47:11,784 [INFO] Added new card gh-17748402654240.9225415197024703 to backlog
2026-03-31 01:47:11,784 [INFO] Added new card gh-17748402654240.9225415197024703 to backlog
2026-03-31 01:47:11,784 [INFO] Added new card gh-17748402654240.5400380247612766 to backlog
2026-03-31 01:47:11,784 [INFO] Added new card gh-17748402654240.5400380247612766 to backlog
2026-03-31 01:47:11,784 [INFO] Added new card gh-17748402654240.7252715730150389 to backlog
2026-03-31 01:47:11,784 [INFO] Added new card gh-17748402654240.7252715730150389 to backlog
2026-03-31 01:47:11,784 [INFO] Added new card gh-17748402656950.9450434206502563 to backlog
2026-03-31 01:47:11,784 [INFO] Added new card gh-17748402656950.9450434206502563 to backlog
2026-03-31 01:47:11,784 [INFO] Added new card gh-17748402656950.20034766434599616 to trash
2026-03-31 01:47:11,784 [INFO] Added new card gh-17748402656950.20034766434599616 to trash
2026-03-31 01:47:11,784 [INFO] Added new card gh-17748402656950.7813586608765267 to trash
2026-03-31 01:47:11,784 [INFO] Added new card gh-17748402656950.7813586608765267 to trash
2026-03-31 01:47:11,784 [INFO] Added new card gh-17748402656950.9292012708597691 to trash
2026-03-31 01:47:11,784 [INFO] Added new card gh-17748402656950.9292012708597691 to trash
2026-03-31 01:47:11,784 [INFO] Added new card gh-17748402656950.5567018275995496 to backlog
2026-03-31 01:47:11,784 [INFO] Added new card gh-17748402656950.5567018275995496 to backlog
2026-03-31 01:47:11,784 [INFO] Added new card gh-17748402656950.9359507323417173 to backlog
2026-03-31 01:47:11,784 [INFO] Added new card gh-17748402656950.9359507323417173 to backlog
2026-03-31 01:47:11,784 [INFO] Added new card gh-17748402656950.8548135281829877 to backlog
2026-03-31 01:47:11,784 [INFO] Added new card gh-17748402656950.8548135281829877 to backlog
2026-03-31 01:47:11,784 [INFO] Added new card gh-17748402656950.36973744001352615 to backlog
2026-03-31 01:47:11,784 [INFO] Added new card gh-17748402656950.36973744001352615 to backlog
2026-03-31 01:47:11,784 [INFO] Added new card gh-17748402656950.179910314407149 to backlog
2026-03-31 01:47:11,784 [INFO] Added new card gh-17748402656950.179910314407149 to backlog
2026-03-31 01:47:11,784 [INFO] Added new card gh-17748402656950.8837986072013827 to backlog
2026-03-31 01:47:11,784 [INFO] Added new card gh-17748402656950.8837986072013827 to backlog
2026-03-31 01:47:11,785 [INFO] Added new card gh-17748402656950.9570034438288412 to backlog
2026-03-31 01:47:11,785 [INFO] Added new card gh-17748402656950.9570034438288412 to backlog
2026-03-31 01:47:11,785 [INFO] Added new card gh-17748402656950.3248657880305469 to backlog
2026-03-31 01:47:11,785 [INFO] Added new card gh-17748402656950.3248657880305469 to backlog
2026-03-31 01:47:11,785 [INFO] Added new card gh-17748402656950.8522080834996039 to backlog
2026-03-31 01:47:11,785 [INFO] Added new card gh-17748402656950.8522080834996039 to backlog
2026-03-31 01:47:11,785 [INFO] Added new card gh-17748402656950.6614821114766962 to backlog
2026-03-31 01:47:11,785 [INFO] Added new card gh-17748402656950.6614821114766962 to backlog
2026-03-31 01:47:11,785 [INFO] Added new card gh-17748402656950.9899066305698515 to trash
2026-03-31 01:47:11,785 [INFO] Added new card gh-17748402656950.9899066305698515 to trash
2026-03-31 01:47:11,785 [INFO] Added new card gh-17748402656950.3099535721215223 to trash
2026-03-31 01:47:11,785 [INFO] Added new card gh-17748402656950.3099535721215223 to trash
2026-03-31 01:47:11,785 [INFO] Added new card gh-17748402656950.9566443697396145 to trash
2026-03-31 01:47:11,785 [INFO] Added new card gh-17748402656950.9566443697396145 to trash
2026-03-31 01:47:11,785 [INFO] Added new card gh-17748402656950.15011304098849598 to trash
2026-03-31 01:47:11,785 [INFO] Added new card gh-17748402656950.15011304098849598 to trash
2026-03-31 01:47:11,785 [INFO] Added new card gh-17748402656950.519459536087764 to trash
2026-03-31 01:47:11,785 [INFO] Added new card gh-17748402656950.519459536087764 to trash
2026-03-31 01:47:11,785 [INFO] Added new card gh-17748402656950.3795093267357835 to trash
2026-03-31 01:47:11,785 [INFO] Added new card gh-17748402656950.3795093267357835 to trash
2026-03-31 01:47:11,785 [INFO] Added new card gh-17748402656950.4590512031423518 to trash
2026-03-31 01:47:11,785 [INFO] Added new card gh-17748402656950.4590512031423518 to trash
2026-03-31 01:47:11,785 [INFO] Added new card gh-17748402656950.5878993840111228 to trash
2026-03-31 01:47:11,785 [INFO] Added new card gh-17748402656950.5878993840111228 to trash
2026-03-31 01:47:11,785 [INFO] Added new card gh-17748402659430.49222795617723536 to backlog
2026-03-31 01:47:11,785 [INFO] Added new card gh-17748402659430.49222795617723536 to backlog
2026-03-31 01:47:11,785 [INFO] Added new card gh-17748402659430.8311342067344044 to backlog
2026-03-31 01:47:11,785 [INFO] Added new card gh-17748402659430.8311342067344044 to backlog
2026-03-31 01:47:11,785 [INFO] Added new card gh-17748402659430.9692652972279795 to backlog
2026-03-31 01:47:11,785 [INFO] Added new card gh-17748402659430.9692652972279795 to backlog
2026-03-31 01:47:11,785 [INFO] Added new card gh-17748402659430.16980564972837697 to backlog
2026-03-31 01:47:11,785 [INFO] Added new card gh-17748402659430.16980564972837697 to backlog
2026-03-31 01:47:11,785 [INFO] Added new card gh-17748402659430.028941979889910097 to trash
2026-03-31 01:47:11,785 [INFO] Added new card gh-17748402659430.028941979889910097 to trash
2026-03-31 01:47:11,785 [INFO] Added new card gh-17748402659430.504657070033154 to trash
2026-03-31 01:47:11,785 [INFO] Added new card gh-17748402659430.504657070033154 to trash
2026-03-31 01:47:11,785 [INFO] Added new card gh-17748402659430.5044115759798585 to trash
2026-03-31 01:47:11,785 [INFO] Added new card gh-17748402659430.5044115759798585 to trash
2026-03-31 01:47:11,785 [INFO] Added new card gh-17748402659430.10055052033207545 to trash
2026-03-31 01:47:11,785 [INFO] Added new card gh-17748402659430.10055052033207545 to trash
2026-03-31 01:47:11,786 [INFO] Added new card gh-17748402659430.5099284434367192 to trash
2026-03-31 01:47:11,786 [INFO] Added new card gh-17748402659430.5099284434367192 to trash
2026-03-31 01:47:11,786 [INFO] Added new card gh-17748402659430.08152260442494697 to trash
2026-03-31 01:47:11,786 [INFO] Added new card gh-17748402659430.08152260442494697 to trash
2026-03-31 01:47:11,786 [INFO] Added new card gh-17748402661810.767886845281434 to backlog
2026-03-31 01:47:11,786 [INFO] Added new card gh-17748402661810.767886845281434 to backlog
2026-03-31 01:47:11,786 [INFO] Added new card gh-17748402663210.5509899698523011 to in_progress
2026-03-31 01:47:11,786 [INFO] Added new card gh-17748402663210.5509899698523011 to in_progress
2026-03-31 01:47:11,786 [INFO] Added new card gh-17748402663210.4350003268939351 to backlog
2026-03-31 01:47:11,786 [INFO] Added new card gh-17748402663210.4350003268939351 to backlog
2026-03-31 01:47:11,786 [INFO] Added new card gh-17748402663210.3630898431426094 to in_progress
2026-03-31 01:47:11,786 [INFO] Added new card gh-17748402663210.3630898431426094 to in_progress
2026-03-31 01:47:11,786 [INFO] Added new card gh-17748402663210.4160037409424261 to backlog
2026-03-31 01:47:11,786 [INFO] Added new card gh-17748402663210.4160037409424261 to backlog
2026-03-31 01:47:11,786 [INFO] Added new card gh-17748402663210.4523214556967602 to backlog
2026-03-31 01:47:11,786 [INFO] Added new card gh-17748402663210.4523214556967602 to backlog
2026-03-31 01:47:11,786 [INFO] Added new card gh-17748402663210.8992758893184065 to backlog
2026-03-31 01:47:11,786 [INFO] Added new card gh-17748402663210.8992758893184065 to backlog
2026-03-31 01:47:11,786 [INFO] Added new card gh-17748402663210.6056173568975511 to backlog
2026-03-31 01:47:11,786 [INFO] Added new card gh-17748402663210.6056173568975511 to backlog
2026-03-31 01:47:11,787 [INFO] Added new card gh-17748402663210.614031184287342 to backlog
2026-03-31 01:47:11,787 [INFO] Added new card gh-17748402663210.614031184287342 to backlog
2026-03-31 01:47:11,787 [INFO] Added new card gh-17748402663210.30286377079943705 to trash
2026-03-31 01:47:11,787 [INFO] Added new card gh-17748402663210.30286377079943705 to trash
2026-03-31 01:47:11,787 [INFO] Added new card gh-17748402663210.057557507699313004 to trash
2026-03-31 01:47:11,787 [INFO] Added new card gh-17748402663210.057557507699313004 to trash
2026-03-31 01:47:11,787 [INFO] Added new card gh-17748402663210.8462430283118945 to trash
2026-03-31 01:47:11,787 [INFO] Added new card gh-17748402663210.8462430283118945 to trash
2026-03-31 01:47:11,787 [INFO] Added new card gh-17748402663210.6889513631036026 to trash
2026-03-31 01:47:11,787 [INFO] Added new card gh-17748402663210.6889513631036026 to trash
2026-03-31 01:47:11,787 [INFO] Added new card gh-17748402663210.07183805403504973 to trash
2026-03-31 01:47:11,787 [INFO] Added new card gh-17748402663210.07183805403504973 to trash
2026-03-31 01:47:11,787 [INFO] Added new card gh-17748402663210.4892587349550729 to trash
2026-03-31 01:47:11,787 [INFO] Added new card gh-17748402663210.4892587349550729 to trash
2026-03-31 01:47:11,787 [INFO] Added new card gh-17748402663210.9198815230601803 to trash
2026-03-31 01:47:11,787 [INFO] Added new card gh-17748402663210.9198815230601803 to trash
2026-03-31 01:47:11,787 [INFO] Added new card gh-17748402663210.6400502601741113 to trash
2026-03-31 01:47:11,787 [INFO] Added new card gh-17748402663210.6400502601741113 to trash
2026-03-31 01:47:11,787 [INFO] Added new card gh-17748402663210.14672786902342072 to trash
2026-03-31 01:47:11,787 [INFO] Added new card gh-17748402663210.14672786902342072 to trash
2026-03-31 01:47:11,788 [INFO] Added new card gh-17748402663210.0859059750645721 to trash
2026-03-31 01:47:11,788 [INFO] Added new card gh-17748402663210.0859059750645721 to trash
2026-03-31 01:47:11,788 [INFO] Added new card gh-17748402663210.31022743927158325 to trash
2026-03-31 01:47:11,788 [INFO] Added new card gh-17748402663210.31022743927158325 to trash
2026-03-31 01:47:11,788 [INFO] Added new card gh-17748402663210.6816803863703469 to trash
2026-03-31 01:47:11,788 [INFO] Added new card gh-17748402663210.6816803863703469 to trash
2026-03-31 01:47:11,788 [INFO] Added new card task-1774899022615 to in_progress
2026-03-31 01:47:11,788 [INFO] Added new card task-1774899022615 to in_progress
2026-03-31 01:47:11,788 [INFO] Added new card test-link-001 to in_progress
2026-03-31 01:47:11,788 [INFO] Added new card test-link-001 to in_progress
2026-03-31 01:47:11,791 [INFO] Synced 84 changes from OpenClaw to Cline
2026-03-31 01:47:11,791 [INFO] Synced 84 changes from OpenClaw to Cline
2026-03-31 02:01:41,993 [WARNING] Both systems changed - OpenClaw takes precedence
2026-03-31 02:01:41,993 [WARNING] Both systems changed - OpenClaw takes precedence
2026-03-31 02:01:41,995 [INFO] Moved card gh-17748402663210.5509899698523011 from backlog to in_progress
2026-03-31 02:01:41,995 [INFO] Moved card gh-17748402663210.5509899698523011 from backlog to in_progress
2026-03-31 02:01:41,996 [INFO] Moved card gh-17748402663210.3630898431426094 from backlog to in_progress
2026-03-31 02:01:41,996 [INFO] Moved card gh-17748402663210.3630898431426094 from backlog to in_progress
2026-03-31 02:01:41,996 [INFO] Moved card task-1774899022615 from backlog to in_progress
2026-03-31 02:01:41,996 [INFO] Moved card task-1774899022615 from backlog to in_progress
2026-03-31 02:01:41,996 [INFO] Moved card test-link-001 from backlog to in_progress
2026-03-31 02:01:41,996 [INFO] Moved card test-link-001 from backlog to in_progress
2026-03-31 02:01:41,999 [INFO] Synced 4 changes from OpenClaw to Cline
2026-03-31 02:01:41,999 [INFO] Synced 4 changes from OpenClaw to Cline
2026-03-31 02:02:04,769 [INFO] Updated task gh-17748402663210.5509899698523011 status to todo from Cline
2026-03-31 02:02:04,769 [INFO] Updated task gh-17748402663210.5509899698523011 status to todo from Cline
2026-03-31 02:02:04,770 [INFO] Updated task gh-17748402663210.3630898431426094 status to todo from Cline
2026-03-31 02:02:04,770 [INFO] Updated task gh-17748402663210.3630898431426094 status to todo from Cline
2026-03-31 02:02:04,770 [INFO] Updated task task-1774899022615 status to todo from Cline
2026-03-31 02:02:04,770 [INFO] Updated task task-1774899022615 status to todo from Cline
2026-03-31 02:02:04,770 [INFO] Updated task test-link-001 status to todo from Cline
2026-03-31 02:02:04,770 [INFO] Updated task test-link-001 status to todo from Cline
2026-03-31 02:02:04,774 [INFO] Synced 4 changes from Cline to OpenClaw
2026-03-31 02:02:04,774 [INFO] Synced 4 changes from Cline to OpenClaw
2026-03-31 02:02:40,748 [WARNING] Both systems changed - OpenClaw takes precedence
2026-03-31 02:02:40,748 [WARNING] Both systems changed - OpenClaw takes precedence
2026-03-31 02:02:40,753 [INFO] Moved card gh-17748402663210.5509899698523011 from in_progress to backlog
2026-03-31 02:02:40,753 [INFO] Moved card gh-17748402663210.5509899698523011 from in_progress to backlog
2026-03-31 02:02:40,757 [INFO] Synced 1 changes from OpenClaw to Cline
2026-03-31 02:02:40,757 [INFO] Synced 1 changes from OpenClaw to Cline
2026-03-31 02:05:00,440 [INFO] Updated task gh-17748402663210.5509899698523011 status to blocked from Cline
2026-03-31 02:05:00,440 [INFO] Updated task gh-17748402663210.5509899698523011 status to blocked from Cline
2026-03-31 02:05:00,443 [INFO] Synced 1 changes from Cline to OpenClaw
2026-03-31 02:05:00,443 [INFO] Synced 1 changes from Cline to OpenClaw
2026-03-31 02:05:49,710 [INFO] Updated task gh-17748402663210.5509899698523011 status to progress from Cline
2026-03-31 02:05:49,710 [INFO] Updated task gh-17748402663210.5509899698523011 status to progress from Cline
2026-03-31 02:05:49,714 [INFO] Synced 1 changes from Cline to OpenClaw
2026-03-31 02:05:49,714 [INFO] Synced 1 changes from Cline to OpenClaw
2026-03-31 02:06:11,830 [WARNING] Both systems changed - OpenClaw takes precedence
2026-03-31 02:06:11,830 [WARNING] Both systems changed - OpenClaw takes precedence
2026-03-31 02:06:40,470 [WARNING] Both systems changed - OpenClaw takes precedence
2026-03-31 02:06:40,470 [WARNING] Both systems changed - OpenClaw takes precedence
2026-03-31 02:06:40,472 [INFO] Moved card gh-17748402654240.07668712166443448 from trash to review
2026-03-31 02:06:40,472 [INFO] Moved card gh-17748402654240.07668712166443448 from trash to review
2026-03-31 02:06:40,474 [INFO] Synced 1 changes from OpenClaw to Cline
2026-03-31 02:06:40,474 [INFO] Synced 1 changes from OpenClaw to Cline
2026-03-31 02:10:01,261 [INFO] Updated task gh-17748402654240.07668712166443448 status to done from Cline
2026-03-31 02:10:01,261 [INFO] Updated task gh-17748402654240.07668712166443448 status to done from Cline
2026-03-31 02:10:01,262 [INFO] Updated task gh-17748402654240.4813468850410083 status to done from Cline
2026-03-31 02:10:01,262 [INFO] Updated task gh-17748402654240.4813468850410083 status to done from Cline
2026-03-31 02:10:01,265 [INFO] Synced 2 changes from Cline to OpenClaw
2026-03-31 02:10:01,265 [INFO] Synced 2 changes from Cline to OpenClaw
2026-03-31 02:10:12,584 [WARNING] Both systems changed - OpenClaw takes precedence
2026-03-31 02:10:12,584 [WARNING] Both systems changed - OpenClaw takes precedence
2026-03-31 02:10:12,604 [INFO] Moved card gh-17748402654240.8562488539421408 from trash to backlog
2026-03-31 02:10:12,604 [INFO] Moved card gh-17748402654240.8562488539421408 from trash to backlog
2026-03-31 02:10:12,606 [INFO] Synced 1 changes from OpenClaw to Cline
2026-03-31 02:10:12,606 [INFO] Synced 1 changes from OpenClaw to Cline
2026-03-31 02:10:57,776 [INFO] Updated task gh-17748402663210.5509899698523011 status to blocked from Cline
2026-03-31 02:10:57,776 [INFO] Updated task gh-17748402663210.5509899698523011 status to blocked from Cline
2026-03-31 02:10:57,777 [INFO] Updated task gh-17748402654240.8562488539421408 status to done from Cline
2026-03-31 02:10:57,777 [INFO] Updated task gh-17748402654240.8562488539421408 status to done from Cline
2026-03-31 02:10:57,780 [INFO] Synced 2 changes from Cline to OpenClaw
2026-03-31 02:10:57,780 [INFO] Synced 2 changes from Cline to OpenClaw
2026-03-31 02:12:39,594 [WARNING] Both systems changed - OpenClaw takes precedence
2026-03-31 02:12:39,594 [WARNING] Both systems changed - OpenClaw takes precedence
2026-03-31 02:12:39,598 [INFO] Moved card gh-17748402663210.5509899698523011 from in_progress to review
2026-03-31 02:12:39,598 [INFO] Moved card gh-17748402663210.5509899698523011 from in_progress to review
2026-03-31 02:12:39,600 [INFO] Synced 1 changes from OpenClaw to Cline
2026-03-31 02:12:39,600 [INFO] Synced 1 changes from OpenClaw to Cline
2026-03-31 02:14:36,475 [WARNING] Both systems changed - OpenClaw takes precedence
2026-03-31 02:14:36,475 [WARNING] Both systems changed - OpenClaw takes precedence
2026-03-31 02:14:37,067 [INFO] Running single sync cycle
2026-03-31 02:14:37,076 [INFO] Synced 86 tasks to Obsidian
2026-03-31 02:14:37,077 [INFO] Sync complete: 0 changes, 86 tasks archived to Obsidian
2026-03-31 02:50:50,830 [INFO] Created new OpenClaw task task-1774950648017 from Cline
2026-03-31 02:50:50,830 [INFO] Created new OpenClaw task task-1774950648017 from Cline
2026-03-31 02:50:50,836 [INFO] Synced 1 changes from Cline to OpenClaw
2026-03-31 02:50:50,836 [INFO] Synced 1 changes from Cline to OpenClaw
2026-03-31 03:18:12,654 [WARNING] Both systems changed - OpenClaw takes precedence
2026-03-31 03:18:12,654 [WARNING] Both systems changed - OpenClaw takes precedence
2026-03-31 03:18:12,659 [INFO] Moved card gh-17748402656950.8548135281829877 from in_progress to backlog
2026-03-31 03:18:12,659 [INFO] Moved card gh-17748402656950.8548135281829877 from in_progress to backlog
2026-03-31 03:18:12,662 [INFO] Synced 1 changes from OpenClaw to Cline
2026-03-31 03:18:12,662 [INFO] Synced 1 changes from OpenClaw to Cline
2026-03-31 03:19:38,660 [WARNING] Both systems changed - OpenClaw takes precedence
2026-03-31 03:19:38,660 [WARNING] Both systems changed - OpenClaw takes precedence
2026-03-31 03:19:38,663 [INFO] Moved card gh-17748402656950.8548135281829877 from in_progress to backlog
2026-03-31 03:19:38,663 [INFO] Moved card gh-17748402656950.8548135281829877 from in_progress to backlog
2026-03-31 03:19:38,665 [INFO] Synced 1 changes from OpenClaw to Cline
2026-03-31 03:19:38,665 [INFO] Synced 1 changes from OpenClaw to Cline
2026-03-31 03:19:50,176 [INFO] Updated task gh-17748402656950.8548135281829877 status to progress from Cline
2026-03-31 03:19:50,176 [INFO] Updated task gh-17748402656950.8548135281829877 status to progress from Cline
2026-03-31 03:19:50,182 [INFO] Synced 1 changes from Cline to OpenClaw
2026-03-31 03:19:50,182 [INFO] Synced 1 changes from Cline to OpenClaw
2026-03-31 03:21:23,267 [INFO] Updated task gh-17748402656950.8548135281829877 status to blocked from Cline
2026-03-31 03:21:23,267 [INFO] Updated task gh-17748402656950.8548135281829877 status to blocked from Cline
2026-03-31 03:21:23,268 [INFO] Updated task task-1774950648017 status to done from Cline
2026-03-31 03:21:23,268 [INFO] Updated task task-1774950648017 status to done from Cline
2026-03-31 03:21:23,272 [INFO] Synced 2 changes from Cline to OpenClaw
2026-03-31 03:21:23,272 [INFO] Synced 2 changes from Cline to OpenClaw
2026-03-31 03:21:49,589 [WARNING] Both systems changed - OpenClaw takes precedence
2026-03-31 03:21:49,589 [WARNING] Both systems changed - OpenClaw takes precedence
2026-03-31 03:22:12,558 [WARNING] Both systems changed - OpenClaw takes precedence
2026-03-31 03:22:12,558 [WARNING] Both systems changed - OpenClaw takes precedence
2026-03-31 03:22:24,750 [INFO] Updated task test-link-001 status to done from Cline
2026-03-31 03:22:24,750 [INFO] Updated task test-link-001 status to done from Cline
2026-03-31 03:22:24,755 [INFO] Synced 1 changes from Cline to OpenClaw
2026-03-31 03:22:24,755 [INFO] Synced 1 changes from Cline to OpenClaw
2026-03-31 04:47:09,607 [ERROR] Failed to load OpenClaw tasks: Expecting value: line 1 column 1 (char 0)
2026-03-31 04:47:09,607 [ERROR] Failed to load OpenClaw tasks: Expecting value: line 1 column 1 (char 0)
2026-03-31 10:01:13,697 [INFO] Moved card gh-17748402654240.8562488539421408 from trash to backlog
2026-03-31 10:01:13,697 [INFO] Moved card gh-17748402654240.8562488539421408 from trash to backlog
2026-03-31 10:01:13,698 [INFO] Moved card gh-17748402654240.07668712166443448 from trash to review
2026-03-31 10:01:13,698 [INFO] Moved card gh-17748402654240.07668712166443448 from trash to review
2026-03-31 10:01:13,698 [INFO] Moved card gh-17748402654240.4813468850410083 from trash to backlog
2026-03-31 10:01:13,698 [INFO] Moved card gh-17748402654240.4813468850410083 from trash to backlog
2026-03-31 10:01:13,698 [INFO] Moved card gh-17748402656950.8548135281829877 from review to backlog
2026-03-31 10:01:13,698 [INFO] Moved card gh-17748402656950.8548135281829877 from review to backlog
2026-03-31 10:01:13,698 [INFO] Moved card gh-17748402663210.5509899698523011 from review to in_progress
2026-03-31 10:01:13,698 [INFO] Moved card gh-17748402663210.5509899698523011 from review to in_progress
2026-03-31 10:01:13,698 [INFO] Moved card gh-17748402663210.3630898431426094 from backlog to in_progress
2026-03-31 10:01:13,698 [INFO] Moved card gh-17748402663210.3630898431426094 from backlog to in_progress
2026-03-31 10:01:13,699 [INFO] Moved card task-1774899022615 from backlog to in_progress
2026-03-31 10:01:13,699 [INFO] Moved card task-1774899022615 from backlog to in_progress
2026-03-31 10:01:13,699 [INFO] Moved card test-link-001 from trash to in_progress
2026-03-31 10:01:13,699 [INFO] Moved card test-link-001 from trash to in_progress
2026-03-31 10:01:13,699 [INFO] Moved card task-1774950648017 from trash to backlog
2026-03-31 10:01:13,699 [INFO] Moved card task-1774950648017 from trash to backlog
2026-03-31 10:01:13,704 [INFO] Synced 9 changes from OpenClaw to Cline
2026-03-31 10:01:13,704 [INFO] Synced 9 changes from OpenClaw to Cline
2026-03-31 10:35:37,130 [INFO] Starting Cline <-> OpenClaw sync service
2026-03-31 10:35:37,131 [INFO] Cline board: /Users/macmini/.cline/kanban/workspaces/openclaw/board.json
2026-03-31 10:35:37,131 [INFO] OpenClaw tasks: /Users/macmini/Vaults/openclaw/bridge/kanban/tasks.json
2026-03-31 10:35:37,541 [INFO] Starting Cline <-> OpenClaw sync service
2026-03-31 10:35:37,541 [INFO] Starting Cline <-> OpenClaw sync service
2026-03-31 10:35:37,541 [INFO] Cline board: /Users/macmini/.cline/kanban/workspaces/openclaw/board.json
2026-03-31 10:35:37,541 [INFO] Cline board: /Users/macmini/.cline/kanban/workspaces/openclaw/board.json
2026-03-31 10:35:37,542 [INFO] OpenClaw tasks: /Users/macmini/Vaults/openclaw/bridge/kanban/tasks.json
2026-03-31 10:35:37,542 [INFO] OpenClaw tasks: /Users/macmini/Vaults/openclaw/bridge/kanban/tasks.json
2026-03-31 10:47:51,608 [WARNING] Both systems changed - OpenClaw takes precedence
2026-03-31 10:47:51,611 [INFO] Moved card gh-17748402663210.5509899698523011 from backlog to in_progress
2026-03-31 10:47:51,612 [INFO] Moved card gh-17748402663210.3630898431426094 from backlog to in_progress
2026-03-31 10:47:51,612 [INFO] Moved card task-1774899022615 from backlog to in_progress
2026-03-31 10:47:51,612 [INFO] Moved card test-link-001 from backlog to in_progress
2026-03-31 10:47:51,614 [INFO] Synced 4 changes from OpenClaw to Cline
2026-03-31 10:47:53,653 [WARNING] Both systems changed - OpenClaw takes precedence
2026-03-31 10:47:53,653 [WARNING] Both systems changed - OpenClaw takes precedence
2026-03-31 11:07:06,478 [INFO] Updated task gh-17748402663210.5509899698523011 status to todo from Cline
2026-03-31 11:07:06,479 [INFO] Updated task gh-17748402663210.3630898431426094 status to todo from Cline
2026-03-31 11:07:06,479 [INFO] Updated task task-1774899022615 status to todo from Cline
2026-03-31 11:07:06,479 [INFO] Updated task test-link-001 status to todo from Cline
2026-03-31 11:07:06,480 [INFO] Synced 4 changes from Cline to OpenClaw
2026-03-31 11:07:07,890 [WARNING] Both systems changed - OpenClaw takes precedence
2026-03-31 11:07:07,890 [WARNING] Both systems changed - OpenClaw takes precedence
2026-03-31 11:11:45,335 [INFO] Updated task gh-17748402663210.5509899698523011 status to progress from Cline
2026-03-31 11:11:45,336 [INFO] Updated task gh-17748402663210.3630898431426094 status to progress from Cline
2026-03-31 11:11:45,336 [INFO] Updated task task-1774899022615 status to progress from Cline
2026-03-31 11:11:45,336 [INFO] Updated task test-link-001 status to progress from Cline
2026-03-31 11:11:45,337 [INFO] Synced 4 changes from Cline to OpenClaw
2026-03-31 11:11:46,425 [WARNING] Both systems changed - OpenClaw takes precedence
2026-03-31 11:11:46,425 [WARNING] Both systems changed - OpenClaw takes precedence
2026-03-31 11:12:12,537 [INFO] Updated task gh-17748402663210.5509899698523011 status to todo from Cline
2026-03-31 11:12:12,539 [INFO] Updated task gh-17748402663210.3630898431426094 status to todo from Cline
2026-03-31 11:12:12,539 [INFO] Updated task task-1774899022615 status to todo from Cline
2026-03-31 11:12:12,539 [INFO] Updated task test-link-001 status to todo from Cline
2026-03-31 11:12:12,542 [INFO] Synced 4 changes from Cline to OpenClaw
2026-03-31 11:12:15,452 [WARNING] Both systems changed - OpenClaw takes precedence
2026-03-31 11:12:15,452 [WARNING] Both systems changed - OpenClaw takes precedence
2026-03-31 11:12:21,509 [WARNING] Both systems changed - OpenClaw takes precedence
2026-03-31 11:12:21,510 [INFO] Moved card gh-17748402663210.5509899698523011 from in_progress to backlog
2026-03-31 11:12:21,510 [INFO] Moved card gh-17748402663210.3630898431426094 from in_progress to backlog
2026-03-31 11:12:21,510 [INFO] Moved card task-1774899022615 from in_progress to backlog
2026-03-31 11:12:21,510 [INFO] Moved card test-link-001 from in_progress to backlog
2026-03-31 11:12:21,511 [INFO] Synced 4 changes from OpenClaw to Cline
2026-03-31 11:12:25,204 [WARNING] Both systems changed - OpenClaw takes precedence
2026-03-31 11:12:25,204 [WARNING] Both systems changed - OpenClaw takes precedence
2026-03-31 11:22:14,369 [INFO] Updated task gh-17748402654240.07668712166443448 status to done from Cline
2026-03-31 11:22:14,373 [INFO] Synced 1 changes from Cline to OpenClaw
2026-03-31 11:22:18,226 [WARNING] Both systems changed - OpenClaw takes precedence
2026-03-31 11:22:18,226 [WARNING] Both systems changed - OpenClaw takes precedence
2026-03-31 11:22:27,690 [WARNING] Both systems changed - OpenClaw takes precedence
2026-03-31 11:22:27,690 [WARNING] Both systems changed - OpenClaw takes precedence
2026-03-31 11:22:27,711 [INFO] Moved card gh-17748402654240.04440781857466969 from review to trash
2026-03-31 11:22:27,711 [INFO] Moved card gh-17748402654240.04440781857466969 from review to trash
2026-03-31 11:22:27,724 [INFO] Synced 1 changes from OpenClaw to Cline
2026-03-31 11:22:27,724 [INFO] Synced 1 changes from OpenClaw to Cline
2026-03-31 11:22:34,087 [INFO] Updated task gh-17748402654240.04440781857466969 status to blocked from Cline
2026-03-31 11:22:34,088 [INFO] Synced 1 changes from Cline to OpenClaw
2026-03-31 11:22:37,085 [WARNING] Both systems changed - OpenClaw takes precedence
2026-03-31 11:22:37,085 [WARNING] Both systems changed - OpenClaw takes precedence
2026-03-31 11:24:48,378 [INFO] Updated task gh-17748402654240.04440781857466969 status to done from Cline
2026-03-31 11:24:48,380 [INFO] Synced 1 changes from Cline to OpenClaw
2026-03-31 11:24:52,740 [WARNING] Both systems changed - OpenClaw takes precedence
2026-03-31 11:24:52,740 [WARNING] Both systems changed - OpenClaw takes precedence
2026-03-31 11:27:52,403 [WARNING] Both systems changed - OpenClaw takes precedence
2026-03-31 11:29:40,584 [INFO] Updated task gh-17748402654240.04440781857466969 status to blocked from Cline
2026-03-31 11:29:40,584 [INFO] Updated task gh-17748402654240.04440781857466969 status to blocked from Cline
2026-03-31 11:29:40,603 [INFO] Synced 1 changes from Cline to OpenClaw
2026-03-31 11:29:40,603 [INFO] Synced 1 changes from Cline to OpenClaw
2026-03-31 11:29:41,523 [WARNING] Both systems changed - OpenClaw takes precedence
2026-03-31 11:29:53,089 [WARNING] Both systems changed - OpenClaw takes precedence
2026-03-31 11:29:53,089 [WARNING] Both systems changed - OpenClaw takes precedence
2026-03-31 11:36:18,654 [INFO] Starting Cline <-> OpenClaw sync service
2026-03-31 11:36:18,654 [INFO] Starting Cline <-> OpenClaw sync service
2026-03-31 11:36:18,654 [INFO] Cline board: /Users/macmini/.cline/kanban/workspaces/openclaw/board.json
2026-03-31 11:36:18,654 [INFO] Cline board: /Users/macmini/.cline/kanban/workspaces/openclaw/board.json
2026-03-31 11:36:18,655 [INFO] OpenClaw tasks: /Users/macmini/Vaults/openclaw/bridge/kanban/tasks.json
2026-03-31 11:36:18,655 [INFO] OpenClaw tasks: /Users/macmini/Vaults/openclaw/bridge/kanban/tasks.json
2026-03-31 11:40:48,721 [INFO] Starting Cline <-> OpenClaw sync service
2026-03-31 11:40:48,721 [INFO] Starting Cline <-> OpenClaw sync service
2026-03-31 11:40:48,721 [INFO] Cline board: /Users/macmini/.cline/kanban/workspaces/openclaw/board.json
2026-03-31 11:40:48,721 [INFO] Cline board: /Users/macmini/.cline/kanban/workspaces/openclaw/board.json
2026-03-31 11:40:48,721 [INFO] OpenClaw tasks: /Users/macmini/Vaults/openclaw/bridge/kanban/tasks.json
2026-03-31 11:40:48,721 [INFO] OpenClaw tasks: /Users/macmini/Vaults/openclaw/bridge/kanban/tasks.json
2026-03-31 11:45:37,737 [INFO] Updated task gh-17748402654240.04440781857466969 status to done from Cline
2026-03-31 11:45:37,737 [INFO] Updated task gh-17748402654240.04440781857466969 status to done from Cline
2026-03-31 11:45:37,740 [INFO] Synced 1 changes from Cline to OpenClaw
2026-03-31 11:45:37,740 [INFO] Synced 1 changes from Cline to OpenClaw
2026-03-31 11:53:55,014 [WARNING] Both systems changed - OpenClaw takes precedence
2026-03-31 11:53:55,014 [WARNING] Both systems changed - OpenClaw takes precedence
2026-03-31 11:55:53,787 [WARNING] Both systems changed - OpenClaw takes precedence
2026-03-31 11:55:53,787 [WARNING] Both systems changed - OpenClaw takes precedence
2026-03-31 11:57:45,479 [INFO] Updated task gh-17748402654240.04440781857466969 status to blocked from Cline
2026-03-31 11:57:45,479 [INFO] Updated task gh-17748402654240.04440781857466969 status to blocked from Cline
2026-03-31 11:57:45,488 [INFO] Synced 1 changes from Cline to OpenClaw
2026-03-31 11:57:45,488 [INFO] Synced 1 changes from Cline to OpenClaw
2026-03-31 11:58:00,617 [INFO] Updated task gh-17748402654240.04440781857466969 status to done from Cline
2026-03-31 11:58:00,617 [INFO] Updated task gh-17748402654240.04440781857466969 status to done from Cline
2026-03-31 11:58:00,620 [INFO] Synced 1 changes from Cline to OpenClaw
2026-03-31 11:58:00,620 [INFO] Synced 1 changes from Cline to OpenClaw
2026-03-31 12:02:56,362 [WARNING] Both systems changed - OpenClaw takes precedence
2026-03-31 12:02:56,362 [WARNING] Both systems changed - OpenClaw takes precedence
2026-03-31 12:06:50,380 [WARNING] Both systems changed - OpenClaw takes precedence
2026-03-31 12:06:50,380 [WARNING] Both systems changed - OpenClaw takes precedence
2026-03-31 12:11:25,477 [WARNING] Both systems changed - OpenClaw takes precedence
2026-03-31 12:11:25,477 [WARNING] Both systems changed - OpenClaw takes precedence
2026-03-31 13:00:47,001 [INFO] Moved card gh-17748402654240.17463672242170347 from backlog to in_progress
2026-03-31 13:00:47,001 [INFO] Moved card gh-17748402654240.17463672242170347 from backlog to in_progress
2026-03-31 13:00:47,028 [INFO] Moved card gh-17748402654240.8562488539421408 from backlog to in_progress
2026-03-31 13:00:47,028 [INFO] Moved card gh-17748402654240.8562488539421408 from backlog to in_progress
2026-03-31 13:00:47,029 [INFO] Moved card gh-17748402656950.9450434206502563 from backlog to in_progress
2026-03-31 13:00:47,029 [INFO] Moved card gh-17748402656950.9450434206502563 from backlog to in_progress
2026-03-31 13:00:47,029 [INFO] Moved card gh-17748402656950.5567018275995496 from backlog to in_progress
2026-03-31 13:00:47,029 [INFO] Moved card gh-17748402656950.5567018275995496 from backlog to in_progress
2026-03-31 13:00:47,029 [INFO] Moved card gh-17748402659430.49222795617723536 from backlog to in_progress
2026-03-31 13:00:47,029 [INFO] Moved card gh-17748402659430.49222795617723536 from backlog to in_progress
2026-03-31 13:00:47,029 [INFO] Moved card gh-17748402659430.8311342067344044 from backlog to in_progress
2026-03-31 13:00:47,029 [INFO] Moved card gh-17748402659430.8311342067344044 from backlog to in_progress
2026-03-31 13:00:47,029 [INFO] Moved card gh-17748402661810.767886845281434 from backlog to in_progress
2026-03-31 13:00:47,029 [INFO] Moved card gh-17748402661810.767886845281434 from backlog to in_progress
2026-03-31 13:00:47,029 [INFO] Moved card gh-17748402663210.3630898431426094 from backlog to in_progress
2026-03-31 13:00:47,029 [INFO] Moved card gh-17748402663210.3630898431426094 from backlog to in_progress
2026-03-31 13:00:47,029 [INFO] Moved card gh-17748402663210.614031184287342 from backlog to in_progress
2026-03-31 13:00:47,029 [INFO] Moved card gh-17748402663210.614031184287342 from backlog to in_progress
2026-03-31 13:00:47,163 [INFO] Synced 9 changes from OpenClaw to Cline
2026-03-31 13:00:47,163 [INFO] Synced 9 changes from OpenClaw to Cline
